This is XeTeX, Version 3.14159265-2.6-0.99998 (MiKTeX 2.9.6300) (preloaded format=xelatex 2017.5.22)  16 JUN 2017 16:13
entering extended mode
**C:/微云同步盘/2984420770/zxy/research_literat/Xiao/SHG/doc/TeX/progress1.tex
(C:/微云同步盘/2984420770/zxy/research_literat/Xiao/SHG/doc/TeX/progress1.tex
LaTeX2e <2017-04-15>
Babel <3.9r> and hyphenation patterns for 75 language(s) loaded.
(C:\CTEX\UserData\tex\latex\revtex\revtex4-1.cls
Document Class: revtex4-1 2010/07/25/20:33:00 4.1r (http://publish.aps.org/revt
ex4/ for documentation)
 Copyright (c) 2009 The American Physical Society.
 mailto:revtex@aps.org
 Licensed under the LPPL:
http://www.ctan.org/tex-archive/macros/latex/base/lppl.txt
 Arthur Ogawa <arthur_ogawa at sbcglobal dot net>
 Based on work by David Carlisle <david at dcarlisle.demon.co.uk>.
ltxutil[2010/07/25/20:33:00 4.1r utilities package (portions licensed from W. E
. Baxter web at superscript.com)]
LaTeX Info: Redefining \@centercr on input line 308.
Class revtex4-1 Info: Repairing broken LaTeX eqnarray on input line 358.
\eqncolsep=\skip41
Class revtex4-1 Info: Repairing hyperref-unfriendly LaTeX definition of \mpfoot
note on input line 433.
Class revtex4-1 Info: Repairing broken LateX \@sect on input line 755.
\intertabularlinepenalty=\count79
\@tbpen=\count80
\@arstrutbox@hline=\box26
Class revtex4-1 Info: Repairing broken LaTeX \@xbitor on input line 1786.
Class revtex4-1 Info: Making \typeout \long on input line 2046.
ltxfront[2010/07/25/20:33:00 4.1r frontmatter package (AO,DPC)]
\c@affil=\count81
\c@collab=\count82
\absbox=\box27
ltxgrid[2010/07/25/20:33:00 4.1r page grid package (portions licensed from W. E
. Baxter web at superscript.com)]
\c@linecount=\count83
\output@latex=\toks14
\box@size@1=\box28
\box@size@2=\box29
\@protection@box=\box30
\@topmark@saved=\toks15
\footins@saved=\box31
\footins@recovered=\box32
\column@recovered=\box33
\pagesofar=\box34
\footsofar=\box35
\pagegrid@col=\count84
Class revtex4-1 Info: Overriding \@vspace, \@vspacer, \@no@pgbk, \@newline, and
 \\  on input line 5578.
\c@part=\count85
\c@section=\count86
\c@subsection=\count87
\c@subsubsection=\count88
\c@paragraph=\count89
\c@subparagraph=\count90
\abovecaptionskip=\skip42
\belowcaptionskip=\skip43
\c@figure=\count91
\fbox@1=\box36
\c@table=\count92
\fbox@2=\box37
\c@video=\count93
\fbox@4=\box38
\@bibdataout=\write3
\widetext@top=\box39
\widetext@bot=\box40
Class revtex4-1 Info: Selecting society aps on input line 7542.
(C:\CTEX\UserData\tex\latex\revtex\aps4-1.rtx
File: aps4-1 2010/07/25/20:33:00 4.1r (http://publish.aps.org/revtex4/ for docu
mentation)
Class revtex4-1 Info: RevTeX society APS selected on input line 31.
)

Class revtex4-1 Warning: Class option "hyperref" is no longer supported.
Employ \usepackage{hyperref} instead.

Class revtex4-1 Info: Selecting journal prl on input line 7544.
Class revtex4-1 Info: APS journal PRL selected on input line 7545.

Class revtex4-1 Warning: Class option "hyperref" is no longer supported.
Employ \usepackage{hyperref} instead.


Class revtex4-1 Warning: No type size specified, using default 10.

(C:\CTEX\UserData\tex\latex\revtex\aps10pt4-1.rtx
File: aps10pt4-1 2010/07/25/20:33:00 4.1r (http://publish.aps.org/revtex4/ for 
documentation)
Class revtex4-1 Info: RevTeX pointsize 10pt selected on input line 30.
)

Class revtex4-1 Warning: Class option "hyperref" is no longer supported.
Employ \usepackage{hyperref} instead.

(C:\CTEX\UserData\tex\latex\textcase\textcase.sty
Package: textcase 2004/10/07 v0.07 Text only upper/lower case changing (DPC)
)
(C:\CTEX\UserData\tex\latex\url\url.sty
\Urlmuskip=\muskip10
Package: url 2013/09/16  ver 3.4  Verb mode for urls, etc.
)
(C:\CTEX\UserData\tex\latex\natbib\natbib.sty
Package: natbib 2010/09/13 8.31b (PWD, AO)
\bibhang=\skip44
\bibsep=\skip45
LaTeX Info: Redefining \cite on input line 694.
\c@NAT@ctr=\count94
)
Class revtex4-1 Info: Repairing natbib's \BibitemShut on input line 7549.

(C:\CTEX\UserData\tex\latex\revtex\revsymb4-1.sty
Package: revsymb4-1 2010/07/25/20:33:00 4.1r (http://publish.aps.org/revtex4/ f
or documentation)
LaTeX Info: Redefining \REV@mathfrak on input line 119.
))
! Undefined control sequence.
<argument> \collaboration@sw 
                             {\advance \c@collab \@ne \@argswap {\CO@grp \CO...
l.18 }
      
? 
! Argument of \@argswap has an extra }.
<inserted text> 
                \par 
l.18 }
      
? 
Runaway argument?
! Paragraph ended before \@argswap was complete.
<to be read again> 
                   \par 
l.18 }
      
? 
! Argument of \@argswap has an extra }.
<inserted text> 
                \par 
l.18 }
      
? 
Runaway argument?
! Paragraph ended before \@argswap was complete.
<to be read again> 
                   \par 
l.18 }
      
? 
! Argument of \add@AUCO@grp has an extra }.
<inserted text> 
                \par 
l.18 }
      
? 
Runaway argument?
! Paragraph ended before \add@AUCO@grp was complete.
<to be read again> 
                   \par 
l.18 }
      
? 
! Undefined control sequence.
<argument> ...dr@def \expandafter \@tempa \@affil 
                                                  \def \AFF@opr {\@affil@mat...
l.18 }
      
? 
! Argument of \@affil@match has an extra }.
<inserted text> 
                \par 
l.18 }
      
? 
Runaway argument?
! Paragraph ended before \@affil@match was complete.
<to be read again> 
                   \par 
l.18 }
      
? 
! Undefined control sequence.
<argument> ... {\@affil@match \@tempa }\@AFF@list 
                                                  
l.18 }
      
? 
! Undefined control sequence.
<argument> ...\@argswap@val \expandafter {\@affil 
                                                  }{\add@list@val@val@val \@...
l.18 }
      
? 
! Undefined control sequence.
<argument> \AU@grp 
                   
l.18 }
      
? 
! Undefined control sequence.
<argument> ... \CO@opr \@author@gobble \@AFG@list 
                                                  \temp@sw {}{\appdef \@AFG@...
l.18 }
      
? 
! Undefined control sequence.
<argument> \CO@grp 
                   
l.18 }
      
? 
! Undefined control sequence.
<argument> \CO@grp 
                   
l.18 }
      
? 
("G:\Program Files (x86)\MiKTeX 2.9\tex\latex\geometry\geometry.sty"
Package: geometry 2010/09/12 v5.6 Page Geometry

("G:\Program Files (x86)\MiKTeX 2.9\tex\latex\graphics\keyval.sty"
Package: keyval 2014/10/28 v1.15 key=value parser (DPC)
\KV@toks@=\toks16
)
("G:\Program Files (x86)\MiKTeX 2.9\tex\generic\oberdiek\ifpdf.sty"
Package: ifpdf 2017/03/15 v3.2 Provides the ifpdf switch
)
("G:\Program Files (x86)\MiKTeX 2.9\tex\generic\oberdiek\ifvtex.sty"
Package: ifvtex 2016/05/16 v1.6 Detect VTeX and its facilities (HO)
Package ifvtex Info: VTeX not detected.
)
("G:\Program Files (x86)\MiKTeX 2.9\tex\generic\ifxetex\ifxetex.sty"
Package: ifxetex 2010/09/12 v0.6 Provides ifxetex conditional
)
\Gm@cnth=\count95
\Gm@cntv=\count96
\c@Gm@tempcnt=\count97
\Gm@bindingoffset=\dimen102
\Gm@wd@mp=\dimen103
\Gm@odd@mp=\dimen104
\Gm@even@mp=\dimen105
\Gm@layoutwidth=\dimen106
\Gm@layoutheight=\dimen107
\Gm@layouthoffset=\dimen108
\Gm@layoutvoffset=\dimen109
\Gm@dimlist=\toks17

("G:\Program Files (x86)\MiKTeX 2.9\tex\xelatex\xetexconfig\geometry.cfg"))
(C:\CTEX\UserData\tex\latex\was\upgreek.sty
Package: upgreek 2003/02/12 v2.0 (WaS)
Package upgreek Info: Using Euler Roman for upright Greek on input line 31.
\symugrf@m=\mathgroup4
LaTeX Font Info:    Overwriting symbol font `ugrf@m' in version `bold'
(Font)                  U/eur/m/n --> U/eur/b/n on input line 38.
)
("G:\Program Files (x86)\MiKTeX 2.9\tex\latex\hyperref\hyperref.sty"
Package: hyperref 2017/03/14 v6.85a Hypertext links for LaTeX

("G:\Program Files (x86)\MiKTeX 2.9\tex\generic\oberdiek\hobsub-hyperref.sty"
Package: hobsub-hyperref 2016/05/16 v1.14 Bundle oberdiek, subset hyperref (HO)


("G:\Program Files (x86)\MiKTeX 2.9\tex\generic\oberdiek\hobsub-generic.sty"
Package: hobsub-generic 2016/05/16 v1.14 Bundle oberdiek, subset generic (HO)
Package: hobsub 2016/05/16 v1.14 Construct package bundles (HO)
Package: infwarerr 2016/05/16 v1.4 Providing info/warning/error messages (HO)
Package: ltxcmds 2016/05/16 v1.23 LaTeX kernel commands for general use (HO)
Package: ifluatex 2016/05/16 v1.4 Provides the ifluatex switch (HO)
Package ifluatex Info: LuaTeX not detected.
Package hobsub Info: Skipping package `ifvtex' (already loaded).
Package: intcalc 2016/05/16 v1.2 Expandable calculations with integers (HO)
Package hobsub Info: Skipping package `ifpdf' (already loaded).
Package: etexcmds 2016/05/16 v1.6 Avoid name clashes with e-TeX commands (HO)
Package etexcmds Info: Could not find \expanded.
(etexcmds)             That can mean that you are not using pdfTeX 1.50 or
(etexcmds)             that some package has redefined \expanded.
(etexcmds)             In the latter case, load this package earlier.
Package: kvsetkeys 2016/05/16 v1.17 Key value parser (HO)
Package: kvdefinekeys 2016/05/16 v1.4 Define keys (HO)
Package: pdftexcmds 2017/03/19 v0.25 Utility functions of pdfTeX for LuaTeX (HO
)
Package pdftexcmds Info: LuaTeX not detected.
Package pdftexcmds Info: pdfTeX >= 1.30 not detected.
Package pdftexcmds Info: \pdf@primitive is available.
Package pdftexcmds Info: \pdf@ifprimitive is available.
Package pdftexcmds Info: \pdfdraftmode not found.
Package: pdfescape 2016/05/16 v1.14 Implements pdfTeX's escape features (HO)
Package: bigintcalc 2016/05/16 v1.4 Expandable calculations on big integers (HO
)
Package: bitset 2016/05/16 v1.2 Handle bit-vector datatype (HO)
Package: uniquecounter 2016/05/16 v1.3 Provide unlimited unique counter (HO)
)
Package hobsub Info: Skipping package `hobsub' (already loaded).
Package: letltxmacro 2016/05/16 v1.5 Let assignment for LaTeX macros (HO)
Package: hopatch 2016/05/16 v1.3 Wrapper for package hooks (HO)
Package: xcolor-patch 2016/05/16 xcolor patch
Package: atveryend 2016/05/16 v1.9 Hooks at the very end of document (HO)
Package: atbegshi 2016/06/09 v1.18 At begin shipout hook (HO)
Package: refcount 2016/05/16 v3.5 Data extraction from label references (HO)
Package: hycolor 2016/05/16 v1.8 Color options for hyperref/bookmark (HO)
)
("G:\Program Files (x86)\MiKTeX 2.9\tex\latex\oberdiek\auxhook.sty"
Package: auxhook 2016/05/16 v1.4 Hooks for auxiliary files (HO)
)
("G:\Program Files (x86)\MiKTeX 2.9\tex\latex\oberdiek\kvoptions.sty"
Package: kvoptions 2016/05/16 v3.12 Key value format for package options (HO)
)
\@linkdim=\dimen110
\Hy@linkcounter=\count98
\Hy@pagecounter=\count99

("G:\Program Files (x86)\MiKTeX 2.9\tex\latex\hyperref\pd1enc.def"
File: pd1enc.def 2017/03/14 v6.85a Hyperref: PDFDocEncoding definition (HO)
)
\Hy@SavedSpaceFactor=\count100

("G:\Program Files (x86)\MiKTeX 2.9\tex\latex\00miktex\hyperref.cfg"
File: hyperref.cfg 2002/06/06 v1.2 hyperref configuration of TeXLive
)
Package hyperref Info: Hyper figures OFF on input line 4498.
Package hyperref Info: Link nesting OFF on input line 4503.
Package hyperref Info: Hyper index ON on input line 4506.
Package hyperref Info: Plain pages OFF on input line 4513.
Package hyperref Info: Backreferencing OFF on input line 4518.
Package hyperref Info: Implicit mode ON; LaTeX internals redefined.
Package hyperref Info: Bookmarks ON on input line 4751.
LaTeX Info: Redefining \href on input line 5015.
\c@Hy@tempcnt=\count101
LaTeX Info: Redefining \url on input line 5104.
\XeTeXLinkMargin=\dimen111
\Fld@menulength=\count102
\Field@Width=\dimen112
\Fld@charsize=\dimen113
Package hyperref Info: Hyper figures OFF on input line 6358.
Package hyperref Info: Link nesting OFF on input line 6363.
Package hyperref Info: Hyper index ON on input line 6366.
Package hyperref Info: backreferencing OFF on input line 6373.
Package hyperref Info: Link coloring OFF on input line 6378.
Package hyperref Info: Link coloring with OCG OFF on input line 6383.
Package hyperref Info: PDF/A mode OFF on input line 6388.
LaTeX Info: Redefining \ref on input line 6428.
LaTeX Info: Redefining \pageref on input line 6432.
\Hy@abspage=\count103
\c@Item=\count104
\c@Hfootnote=\count105
)

Package hyperref Message: Driver (autodetected): hxetex.

("G:\Program Files (x86)\MiKTeX 2.9\tex\latex\hyperref\hxetex.def"
File: hxetex.def 2017/03/14 v6.85a Hyperref driver for XeTeX

("G:\Program Files (x86)\MiKTeX 2.9\tex\latex\hyperref\puenc.def"
File: puenc.def 2017/03/14 v6.85a Hyperref: PDF Unicode definition (HO)
)
("G:\Program Files (x86)\MiKTeX 2.9\tex\generic\oberdiek\stringenc.sty"
Package: stringenc 2016/05/16 v1.11 Convert strings between diff. encodings (HO
)
)
\pdfm@box=\box41
\c@Hy@AnnotLevel=\count106
\HyField@AnnotCount=\count107
\Fld@listcount=\count108
\c@bookmark@seq@number=\count109

("G:\Program Files (x86)\MiKTeX 2.9\tex\latex\oberdiek\rerunfilecheck.sty"
Package: rerunfilecheck 2016/05/16 v1.8 Rerun checks for auxiliary files (HO)
Package rerunfilecheck Info: Feature \pdfmdfivesum is not available
(rerunfilecheck)             (e.g. pdfTeX or LuaTeX with package `pdftexcmds').

(rerunfilecheck)             Therefore file contents cannot be checked efficien
tly
(rerunfilecheck)             and the loading of the package is aborted.
)
\Hy@SectionHShift=\skip46
)
(C:\CTEX\UserData\tex\latex\booktabs\booktabs.sty
Package: booktabs 2005/04/14 v1.61803 publication quality tables
\heavyrulewidth=\dimen114
\lightrulewidth=\dimen115
\cmidrulewidth=\dimen116
\belowrulesep=\dimen117
\belowbottomsep=\dimen118
\aboverulesep=\dimen119
\abovetopsep=\dimen120
\cmidrulesep=\dimen121
\cmidrulekern=\dimen122
\defaultaddspace=\dimen123
\@cmidla=\count110
\@cmidlb=\count111
\@aboverulesep=\dimen124
\@belowrulesep=\dimen125
\@thisruleclass=\count112
\@lastruleclass=\count113
\@thisrulewidth=\dimen126
)
("G:\Program Files (x86)\MiKTeX 2.9\tex\latex\tools\tabularx.sty"
Package: tabularx 2016/02/03 v2.11 `tabularx' package (DPC)

("G:\Program Files (x86)\MiKTeX 2.9\tex\latex\tools\array.sty"
Package: array 2016/10/06 v2.4d Tabular extension package (FMi)
\col@sep=\dimen127
\extrarowheight=\dimen128
\NC@list=\toks18
\extratabsurround=\skip47
\backup@length=\skip48
)
\TX@col@width=\dimen129
\TX@old@table=\dimen130
\TX@old@col=\dimen131
\TX@target=\dimen132
\TX@delta=\dimen133
\TX@cols=\count114
\TX@ftn=\toks19
)
(C:\CTEX\UserData\tex\latex\xtab\xtab.sty
Package: xtab 2011/07/31 v2.3f Extended supertabular package
\c@tracingst=\count115
\PWSTcapht=\dimen134
\ST@wd=\dimen135
\ST@rightskip=\skip49
\ST@leftskip=\skip50
\ST@parfillskip=\skip51
\c@PWSTtable=\count116
\PWSTlastpage=\count117
\PWSTpenultimate=\count118
\PWSTcurpage=\count119
\PWSTtempc=\count120
\PWSTlines=\count121
\PWST@lastht=\dimen136
\PWST@generalht=\dimen137
\PWST@ht=\dimen138
\ST@pageleft=\dimen139
\ST@headht=\dimen140
\ST@tailht=\dimen141
\ST@pagesofar=\dimen142
\ST@pboxht=\dimen143
\ST@lineht=\dimen144
\ST@stretchht=\dimen145
\ST@prevht=\dimen146
\ST@toadd=\dimen147
\ST@dimen=\dimen148
\ST@pbox=\box42
)
("G:\Program Files (x86)\MiKTeX 2.9\tex\latex\graphics\graphicx.sty"
Package: graphicx 2014/10/28 v1.0g Enhanced LaTeX Graphics (DPC,SPQR)

("G:\Program Files (x86)\MiKTeX 2.9\tex\latex\graphics\graphics.sty"
Package: graphics 2017/04/14 v1.1b Standard LaTeX Graphics (DPC,SPQR)

("G:\Program Files (x86)\MiKTeX 2.9\tex\latex\graphics\trig.sty"
Package: trig 2016/01/03 v1.10 sin cos tan (DPC)
)
("G:\Program Files (x86)\MiKTeX 2.9\tex\latex\graphics-cfg\graphics.cfg"
File: graphics.cfg 2016/06/04 v1.11 sample graphics configuration
)
Package graphics Info: Driver file: xetex.def on input line 99.

("G:\Program Files (x86)\MiKTeX 2.9\tex\latex\graphics-def\xetex.def"
File: xetex.def 2016/07/11 v4.10 LaTeX color/graphics driver for XeTeX (L3/RRM/
JK)
))
\Gin@req@height=\dimen149
\Gin@req@width=\dimen150
)
(C:\CTEX\UserData\tex\latex\listings\listings.sty
\lst@mode=\count122
\lst@gtempboxa=\box43
\lst@token=\toks20
\lst@length=\count123
\lst@currlwidth=\dimen151
\lst@column=\count124
\lst@pos=\count125
\lst@lostspace=\dimen152
\lst@width=\dimen153
\lst@newlines=\count126
\lst@lineno=\count127
\lst@maxwidth=\dimen154

(C:\CTEX\UserData\tex\latex\listings\lstmisc.sty
File: lstmisc.sty 2015/06/04 1.6 (Carsten Heinz)
\c@lstnumber=\count128
\lst@skipnumbers=\count129
\lst@framebox=\box44
)
(C:\CTEX\UserData\tex\latex\listings\listings.cfg
File: listings.cfg 2015/06/04 1.6 listings configuration
))
Package: listings 2015/06/04 1.6 (Carsten Heinz)

("G:\Program Files (x86)\MiKTeX 2.9\tex\latex\amsmath\amsmath.sty"
Package: amsmath 2016/11/05 v2.16a AMS math features
\@mathmargin=\skip52

For additional information on amsmath, use the `?' option.
("G:\Program Files (x86)\MiKTeX 2.9\tex\latex\amsmath\amstext.sty"
Package: amstext 2000/06/29 v2.01 AMS text

("G:\Program Files (x86)\MiKTeX 2.9\tex\latex\amsmath\amsgen.sty"
File: amsgen.sty 1999/11/30 v2.0 generic functions
\@emptytoks=\toks21
\ex@=\dimen155
)
LaTeX Info: Redefining \text on input line 28.
)
("G:\Program Files (x86)\MiKTeX 2.9\tex\latex\amsmath\amsbsy.sty"
Package: amsbsy 1999/11/29 v1.2d Bold Symbols
\pmbraise@=\dimen156
)
("G:\Program Files (x86)\MiKTeX 2.9\tex\latex\amsmath\amsopn.sty"
Package: amsopn 2016/03/08 v2.02 operator names
)
\inf@bad=\count130
LaTeX Info: Redefining \frac on input line 213.
\uproot@=\count131
\leftroot@=\count132
LaTeX Info: Redefining \overline on input line 375.
\classnum@=\count133
\DOTSCASE@=\count134
LaTeX Info: Redefining \ldots on input line 472.
LaTeX Info: Redefining \dots on input line 475.
LaTeX Info: Redefining \cdots on input line 596.
\Mathstrutbox@=\box45
\strutbox@=\box46
\big@size=\dimen157
LaTeX Font Info:    Redeclaring font encoding OML on input line 712.
LaTeX Font Info:    Redeclaring font encoding OMS on input line 713.
\macc@depth=\count135
\c@MaxMatrixCols=\count136
\dotsspace@=\muskip11
\c@parentequation=\count137
\dspbrk@lvl=\count138
\tag@help=\toks22
\row@=\count139
\column@=\count140
\maxfields@=\count141
\andhelp@=\toks23
\eqnshift@=\dimen158
\alignsep@=\dimen159
\tagshift@=\dimen160
\tagwidth@=\dimen161
\totwidth@=\dimen162
\lineht@=\dimen163
\@envbody=\toks24
\multlinegap=\skip53
\multlinetaggap=\skip54
\mathdisplay@stack=\toks25
LaTeX Info: Redefining \[ on input line 2817.
LaTeX Info: Redefining \] on input line 2818.
)
Package hyperref Info: Option `colorlinks' set `false' on input line 43.
Class revtex4-1 Info: Unrecognized array package. Please update this document c
lass! (Proceeding with fingers crossed.) on input line 52.
Class revtex4-1 Info: Robustifying \LaTeX's \boldmath command on input line 52.

Class revtex4-1 Info: cite was not loaded (OK!) on input line 52.
Class revtex4-1 Info: mcite was not loaded (OK!) on input line 52.
Class revtex4-1 Info: multicol was not loaded (OK!) on input line 52.


LaTeX Warning: Unused global option(s):
    [8pt].

(C:/微云同步盘/2984420770/zxy/research_literat/Xiao/SHG/doc/TeX\progress1.aux)
\openout1 = `progress1.aux'.

LaTeX Font Info:    Checking defaults for OML/cmm/m/it on input line 52.
LaTeX Font Info:    ... okay on input line 52.
LaTeX Font Info:    Checking defaults for T1/cmr/m/n on input line 52.
LaTeX Font Info:    ... okay on input line 52.
LaTeX Font Info:    Checking defaults for OT1/cmr/m/n on input line 52.
LaTeX Font Info:    ... okay on input line 52.
LaTeX Font Info:    Checking defaults for OMS/cmsy/m/n on input line 52.
LaTeX Font Info:    ... okay on input line 52.
LaTeX Font Info:    Checking defaults for TU/lmr/m/n on input line 52.
LaTeX Font Info:    ... okay on input line 52.
LaTeX Font Info:    Checking defaults for OMX/cmex/m/n on input line 52.
LaTeX Font Info:    ... okay on input line 52.
LaTeX Font Info:    Checking defaults for U/cmr/m/n on input line 52.
LaTeX Font Info:    ... okay on input line 52.
LaTeX Font Info:    Checking defaults for PD1/pdf/m/n on input line 52.
LaTeX Font Info:    ... okay on input line 52.
LaTeX Font Info:    Checking defaults for PU/pdf/m/n on input line 52.
LaTeX Font Info:    ... okay on input line 52.

*geometry* detected driver: pdftex
*geometry* verbose mode - [ preamble ] result:
* driver: pdftex
* paper: a4paper
* layout: <same size as paper>
* layoutoffset:(h,v)=(0.0pt,0.0pt)
* modes: 
* h-part:(L,W,R)=(45.5244pt, 506.45908pt, 45.5244pt)
* v-part:(T,H,B)=(56.9055pt, 742.61694pt, 45.5244pt)
* \paperwidth=597.50787pt
* \paperheight=845.04684pt
* \textwidth=506.45908pt
* \textheight=742.61694pt
* \oddsidemargin=-26.74559pt
* \evensidemargin=-26.74559pt
* \topmargin=-56.36449pt
* \headheight=25.0pt
* \headsep=16.0pt
* \topskip=10.0pt
* \footskip=30.0pt
* \marginparwidth=30.0pt
* \marginparsep=6.0pt
* \columnsep=18.0pt
* \skip\footins=39.0pt plus 4.0pt minus 12.0pt
* \hoffset=0.0pt
* \voffset=0.0pt
* \mag=1000
* \@twocolumnfalse
* \@twosidefalse
* \@mparswitchfalse
* \@reversemarginfalse
* (1in=72.27pt=25.4mm, 1cm=28.453pt)

\AtBeginShipoutBox=\box47
Package hyperref Info: Link coloring OFF on input line 52.
("G:\Program Files (x86)\MiKTeX 2.9\tex\latex\hyperref\nameref.sty"
Package: nameref 2016/05/21 v2.44 Cross-referencing by name of section

("G:\Program Files (x86)\MiKTeX 2.9\tex\generic\oberdiek\gettitlestring.sty"
Package: gettitlestring 2016/05/16 v1.5 Cleanup title references (HO)
)
\c@section@level=\count142
)
LaTeX Info: Redefining \ref on input line 52.
LaTeX Info: Redefining \pageref on input line 52.
LaTeX Info: Redefining \nameref on input line 52.

(C:/微云同步盘/2984420770/zxy/research_literat/Xiao/SHG/doc/TeX\progress1.out)
(C:/微云同步盘/2984420770/zxy/research_literat/Xiao/SHG/doc/TeX\progress1.out)
\@outlinefile=\write4
\openout4 = `progress1.out'.



Package hyperref Warning: Rerun to get /PageLabels entry.

\c@lstlisting=\count143
Class revtex4-1 Info: Taking \maketitle back from hyperref on input line 52.
\openout3 = `progress1Notes.bib'.


Class revtex4-1 Warning: No title.

("G:\Program Files (x86)\MiKTeX 2.9\tex\generic\oberdiek\se-ascii-print.def"
File: se-ascii-print.def 2016/05/16 v1.11 stringenc: Printable ASCII characters

)

Package natbib Warning: Citation `boyd2003nonlinear' on page 1 undefined on inp
ut line 65.


Package natbib Warning: Citation `pereira1988generation' on page 1 undefined on
 input line 65.


Package natbib Warning: Citation `kwiat1995new' on page 1 undefined on input li
ne 65.


Package natbib Warning: Citation `boyd2003nonlinear' on page 1 undefined on inp
ut line 65.


Package natbib Warning: Citation `leuthold2010nonlinear' on page 1 undefined on
 input line 65.


Package natbib Warning: Citation `moss2013new' on page 1 undefined on input lin
e 65.


Package natbib Warning: Citation `shen1989surface' on page 1 undefined on input
 line 65.


Package natbib Warning: Citation `heinz1991second' on page 1 undefined on input
 line 65.


Package natbib Warning: Citation `bloembergen1968optical' on page 1 undefined o
n input line 65.


Package natbib Warning: Citation `cazzanelli2016second' on page 1 undefined on 
input line 65.


Package natbib Warning: Citation `heinz1991second' on page 1 undefined on input
 line 65.


Package natbib Warning: Citation `sun2015surface' on page 1 undefined on input 
line 65.


Package natbib Warning: Citation `tian2014recent' on page 1 undefined on input 
line 65.


Package natbib Warning: Citation `shen1989surface' on page 1 undefined on input
 line 67.


Package natbib Warning: Citation `heinz1991second' on page 1 undefined on input
 line 67.


Package natbib Warning: Citation `jacobsen2006strained' on page 1 undefined on 
input line 68.


Package natbib Warning: Citation `cazzanelli2012second' on page 1 undefined on 
input line 68.


Package natbib Warning: Citation `timurdogan2017electric' on page 1 undefined o
n input line 68.


Package natbib Warning: Citation `sun2015surface' on page 1 undefined on input 
line 69.


Package natbib Warning: Citation `heinz1983determination' on page 1 undefined o
n input line 69.


Package natbib Warning: Citation `corn1994optical' on page 1 undefined on input
 line 69.


Package natbib Warning: Citation `tian2014recent' on page 1 undefined on input 
line 70.


Package natbib Warning: Citation `heinz1991second' on page 1 undefined on input
 line 71.


Package natbib Warning: Citation `tian2014recent' on page 1 undefined on input 
line 71.


Package natbib Warning: Citation `spillane2002ultralow' on page 1 undefined on 
input line 73.


Package natbib Warning: Citation `ilchenko2004nonlinear' on page 1 undefined on
 input line 73.


Package natbib Warning: Citation `carmon2007visible' on page 1 undefined on inp
ut line 73.


Package natbib Warning: Citation `furst2010naturally' on page 1 undefined on in
put line 73.


Package natbib Warning: Citation `del2007optical' on page 1 undefined on input 
line 73.


Package natbib Warning: Citation `gouveia2013second' on page 1 undefined on inp
ut line 75.


Package natbib Warning: Citation `lettieri2002second' on page 1 undefined on in
put line 75.


Package natbib Warning: Citation `lettieri2005second' on page 1 undefined on in
put line 75.


Package natbib Warning: Citation `levy2011harmonic' on page 1 undefined on inpu
t line 75.


Package natbib Warning: Citation `asano2016visible' on page 1 undefined on inpu
t line 75.


Package natbib Warning: Citation `xue2017second' on page 1 undefined on input l
ine 75.


LaTeX Warning: Reference `pic:Fig1' on page 1 undefined on input line 77.

Invalid UTF-8 byte or sequence at line 84 replaced by U+FFFD.
Invalid UTF-8 byte or sequence at line 84 replaced by U+FFFD.
Invalid UTF-8 byte or sequence at line 84 replaced by U+FFFD.
Invalid UTF-8 byte or sequence at line 84 replaced by U+FFFD.
Invalid UTF-8 byte or sequence at line 84 replaced by U+FFFD.
Invalid UTF-8 byte or sequence at line 84 replaced by U+FFFD.
File: Fig1.eps Graphic file (type eps)
<Fig1.eps>
Overfull \hbox (5.69052pt too wide) in paragraph at lines 84--85
 [][] 
 []


LaTeX Warning: Reference `pic:Fig1' on page 1 undefined on input line 93.


LaTeX Warning: Reference `pic:Fig1' on page 1 undefined on input line 94.


Package natbib Warning: Citation `spillane2002ultralow' on page 1 undefined on 
input line 95.


Package natbib Warning: Citation `del2007optical' on page 1 undefined on input 
line 95.


Package natbib Warning: Citation `carmon2007visible' on page 1 undefined on inp
ut line 96.


LaTeX Warning: Reference `pic:Fig1' on page 1 undefined on input line 97.


Package natbib Warning: Citation `boyd2003nonlinear' on page 1 undefined on inp
ut line 101.

[1]

LaTeX Warning: Reference `eq:P2P1' on page 2 undefined on input line 110.


Package natbib Warning: Citation `levy2011harmonic' on page 2 undefined on inpu
t line 111.


Package natbib Warning: Citation `kozyreff2008whispering' on page 2 undefined o
n input line 111.


Package natbib Warning: Citation `xu2008second' on page 2 undefined on input li
ne 111.


Package natbib Warning: Citation `dominguez2011whispering' on page 2 undefined 
on input line 111.

Invalid UTF-8 byte or sequence at line 118 replaced by U+FFFD.
Invalid UTF-8 byte or sequence at line 118 replaced by U+FFFD.
Invalid UTF-8 byte or sequence at line 118 replaced by U+FFFD.
Invalid UTF-8 byte or sequence at line 118 replaced by U+FFFD.
Invalid UTF-8 byte or sequence at line 118 replaced by U+FFFD.
Invalid UTF-8 byte or sequence at line 118 replaced by U+FFFD.
File: try_ed3.eps Graphic file (type eps)
<try_ed3.eps>

LaTeX Warning: Reference `pic:Fig2' on page 2 undefined on input line 124.


LaTeX Warning: Reference `pic:Fig2' on page 2 undefined on input line 125.


Package natbib Warning: Citation `carmon2004dynamical' on page 2 undefined on i
nput line 127.


LaTeX Warning: Reference `pic:Fig2' on page 2 undefined on input line 127.


LaTeX Warning: Reference `pic:Fig2' on page 2 undefined on input line 131.


LaTeX Warning: Reference `pic:Fig2' on page 2 undefined on input line 133.


LaTeX Warning: Reference `pic:Fig2' on page 2 undefined on input line 136.


LaTeX Warning: Reference `pic:Fig2' on page 2 undefined on input line 136.


LaTeX Warning: Reference `pic:Fig2' on page 2 undefined on input line 137.


LaTeX Warning: Reference `pic:Fig2' on page 2 undefined on input line 140.

[2]
Invalid UTF-8 byte or sequence at line 151 replaced by U+FFFD.
Invalid UTF-8 byte or sequence at line 151 replaced by U+FFFD.
Invalid UTF-8 byte or sequence at line 151 replaced by U+FFFD.
Invalid UTF-8 byte or sequence at line 151 replaced by U+FFFD.
Invalid UTF-8 byte or sequence at line 151 replaced by U+FFFD.
Invalid UTF-8 byte or sequence at line 151 replaced by U+FFFD.
Invalid UTF-8 byte or sequence at line 151 replaced by U+FFFD.
File: Fig3new.eps Graphic file (type eps)
 <Fig3new.eps>

LaTeX Warning: Reference `eq:P2P1' on page 3 undefined on input line 158.


Package natbib Warning: Citation `bloembergen1968optical' on page 3 undefined o
n input line 163.


Package natbib Warning: Citation `heinz1991second' on page 3 undefined on input
 line 163.


LaTeX Warning: Reference `pic:Fig3' on page 3 undefined on input line 168.


Package natbib Warning: Citation `heinz1991second' on page 3 undefined on input
 line 170.


Package natbib Warning: Citation `rodriguez2008calibration' on page 3 undefined
 on input line 173.


LaTeX Warning: Reference `pic:Fig3' on page 3 undefined on input line 180.

[3]

Package natbib Warning: Citation `heinz1991second' on page 4 undefined on input
 line 184.


LaTeX Warning: Reference `pic:Fig3' on page 4 undefined on input line 186.


LaTeX Warning: Reference `pic:Fig3' on page 4 undefined on input line 187.

Invalid UTF-8 byte or sequence at line 193 replaced by U+FFFD.
Invalid UTF-8 byte or sequence at line 193 replaced by U+FFFD.
Invalid UTF-8 byte or sequence at line 193 replaced by U+FFFD.
Invalid UTF-8 byte or sequence at line 193 replaced by U+FFFD.
Invalid UTF-8 byte or sequence at line 193 replaced by U+FFFD.
Invalid UTF-8 byte or sequence at line 193 replaced by U+FFFD.
File: Fig4.eps Graphic file (type eps)
<Fig4.eps>

LaTeX Warning: Reference `pic:Fig4' on page 4 undefined on input line 199.


Underfull \hbox (badness 1838) in paragraph at lines 198--201
[]\TU/lmr/m/n/10 With the second-order nonlinearity demonstrated
 []

[4]

LaTeX Warning: Reference `pic:Fig1' on page 5 undefined on input line 218.


LaTeX Warning: Reference `eq:cpmoder' on page 5 undefined on input line 233.


LaTeX Warning: Reference `pic:Fig2' on page 5 undefined on input line 233.


LaTeX Warning: Reference `pic:Fig2' on page 5 undefined on input line 234.


LaTeX Warning: Reference `pic:Fig2' on page 5 undefined on input line 236.

(C:/微云同步盘/2984420770/zxy/research_literat/Xiao/SHG/doc/TeX\progress1.bbl

LaTeX Warning: Reference `LastBibItem' on page 5 undefined on input line 1.


Package natbib Warning: Empty `thebibliography' environment on input line 3.

)

Package natbib Warning: There were undefined citations.

[5]
Package atveryend Info: Empty hook `AfterLastShipout' on input line 256.
 (progress1.aux)
Package atveryend Info: Empty hook `AtVeryEndDocument' on input line 256.
Package atveryend Info: Empty hook `AtEndAfterFileList' on input line 256.


LaTeX Warning: There were undefined references.


LaTeX Warning: Label(s) may have changed. Rerun to get cross-references right .


 ) 
Here is how much of TeX's memory you used:
 12468 strings out of 427841
 169781 string characters out of 3151410
 295279 words of memory out of 3000000
 16332 multiletter control sequences out of 15000+200000
 9739 words of font info for 41 fonts, out of 3000000 for 9000
 1328 hyphenation exceptions out of 8191
 28i,9n,42p,1038b,371s stack positions out of 5000i,500n,10000p,200000b,50000s

Output written on progress1.pdf (5 pages).
